build/app/intermediates/manifest_merge_blame_file/release/manifest-merger-blame-release-report.txt
1<?xml version="1.0" encoding="utf-8"?>
2<manifest xmlns:android="http://schemas.android.com/apk/res/android"
3    package="com.futurainstech.fit_timesheets"
4    android:versionCode="1"
5    android:versionName="1.0.0" >
6
7    <uses-sdk
8        android:minSdkVersion="16"
8-->src\main\AndroidManifest.xml
9        android:targetSdkVersion="30" />
9-->src\main\AndroidManifest.xml
10
11    <uses-permission android:name="android.permission.INTERNET" />
11-->src\main\AndroidManifest.xml:3:5-67
11-->src\main\AndroidManifest.xml:3:22-64
12    <uses-permission android:name="android.permission.READ_EXTERNAL_STORAGE" />
12-->[:image_picker] AndroidManifest.xml:7:5-80
12-->[:image_picker] AndroidManifest.xml:7:22-77
13    <uses-permission android:name="android.permission.WRITE_EXTERNAL_STORAGE" />
13-->[:image_picker] AndroidManifest.xml:8:5-81
13-->[:image_picker] AndroidManifest.xml:8:22-78
14    <uses-permission android:name="android.permission.ACCESS_FINE_LOCATION" />
14-->[:geolocator] AndroidManifest.xml:7:5-79
14-->[:geolocator] AndroidManifest.xml:7:22-76
15    <uses-permission android:name="android.permission.RECEIVE_BOOT_COMPLETED" />
15-->[:flutter_local_notifications] AndroidManifest.xml:7:5-81
15-->[:flutter_local_notifications] AndroidManifest.xml:7:22-78
16    <uses-permission android:name="android.permission.VIBRATE" />
16-->[:flutter_local_notifications] AndroidManifest.xml:8:5-66
16-->[:flutter_local_notifications] AndroidManifest.xml:8:22-63
17    <uses-permission android:name="android.permission.USE_FULL_SCREEN_INTENT" />
17-->[:flutter_local_notifications] AndroidManifest.xml:9:5-81
17-->[:flutter_local_notifications] AndroidManifest.xml:9:22-78
18    <uses-permission android:name="android.permission.REQUEST_INSTALL_PACKAGES" />
18-->[:open_file] AndroidManifest.xml:8:5-83
18-->[:open_file] AndroidManifest.xml:8:22-80
19
20    <application
20-->src\main\AndroidManifest.xml:4:5-45:19
21        android:name="io.flutter.app.FlutterApplication"
21-->src\main\AndroidManifest.xml:6:9-57
22        android:appComponentFactory="androidx.core.app.CoreComponentFactory"
22-->[androidx.core:core:1.3.1] AndroidManifest.xml:24:18-86
23        android:icon="@mipmap/fitlogo"
23-->src\main\AndroidManifest.xml:8:9-39
24        android:label="FIT-Timesheets"
24-->src\main\AndroidManifest.xml:7:9-39
25        android:usesCleartextTraffic="true" >
25-->src\main\AndroidManifest.xml:5:6-41
26        <activity
26-->src\main\AndroidManifest.xml:9:9-39:20
27            android:name="com.futurainstech.fit_timesheets.MainActivity"
27-->src\main\AndroidManifest.xml:12:13-41
28            android:configChanges="orientation|keyboardHidden|keyboard|screenSize|smallestScreenSize|locale|layoutDirection|fontScale|screenLayout|density|uiMode"
28-->src\main\AndroidManifest.xml:15:13-163
29            android:hardwareAccelerated="true"
29-->src\main\AndroidManifest.xml:16:13-47
30            android:launchMode="singleTop"
30-->src\main\AndroidManifest.xml:13:13-43
31            android:showWhenLocked="true"
31-->src\main\AndroidManifest.xml:10:13-42
32            android:theme="@style/LaunchTheme"
32-->src\main\AndroidManifest.xml:14:13-47
33            android:turnScreenOn="true"
33-->src\main\AndroidManifest.xml:11:13-40
34            android:windowSoftInputMode="adjustResize" >
34-->src\main\AndroidManifest.xml:17:13-55
35
36            <!--
37                 Specifies an Android theme to apply to this Activity as soon as
38                 the Android process has started. This theme is visible to the user
39                 while the Flutter UI initializes. After that, this theme continues
40                 to determine the Window background behind the Flutter UI.
41            -->
42            <meta-data
42-->src\main\AndroidManifest.xml:22:13-25:19
43                android:name="io.flutter.embedding.android.NormalTheme"
43-->src\main\AndroidManifest.xml:23:17-72
44                android:resource="@style/NormalTheme" />
44-->src\main\AndroidManifest.xml:24:17-54
45            <!--
46                 Displays an Android View that continues showing the launch screen
47                 Drawable until Flutter paints its first frame, then this splash
48                 screen fades out. A splash screen is useful to avoid any visual
49                 gap between the end of Android's launch screen and the painting of
50                 Flutter's first frame.
51            -->
52            <meta-data
52-->src\main\AndroidManifest.xml:31:13-34:19
53                android:name="io.flutter.embedding.android.SplashScreenDrawable"
53-->src\main\AndroidManifest.xml:32:17-81
54                android:resource="@drawable/launch_background" />
54-->src\main\AndroidManifest.xml:33:17-63
55
56            <intent-filter>
56-->src\main\AndroidManifest.xml:35:13-38:29
57                <action android:name="android.intent.action.MAIN" />
57-->src\main\AndroidManifest.xml:36:17-68
57-->src\main\AndroidManifest.xml:36:25-66
58
59                <category android:name="android.intent.category.LAUNCHER" />
59-->src\main\AndroidManifest.xml:37:17-76
59-->src\main\AndroidManifest.xml:37:27-74
60            </intent-filter>
61        </activity>
62        <!--
63             Don't delete the meta-data below.
64             This is used by the Flutter tool to generate GeneratedPluginRegistrant.java
65        -->
66        <meta-data
66-->src\main\AndroidManifest.xml:42:9-44:33
67            android:name="flutterEmbedding"
67-->src\main\AndroidManifest.xml:43:13-44
68            android:value="2" />
68-->src\main\AndroidManifest.xml:44:13-30
69
70        <provider
70-->[:image_picker] AndroidManifest.xml:11:9-19:20
71            android:name="io.flutter.plugins.imagepicker.ImagePickerFileProvider"
71-->[:image_picker] AndroidManifest.xml:12:13-82
72            android:authorities="com.futurainstech.fit_timesheets.flutter.image_provider"
72-->[:image_picker] AndroidManifest.xml:13:13-74
73            android:exported="false"
73-->[:image_picker] AndroidManifest.xml:14:13-37
74            android:grantUriPermissions="true" >
74-->[:image_picker] AndroidManifest.xml:15:13-47
75            <meta-data
75-->[:image_picker] AndroidManifest.xml:16:13-18:75
76                android:name="android.support.FILE_PROVIDER_PATHS"
76-->[:image_picker] AndroidManifest.xml:17:17-67
77                android:resource="@xml/flutter_image_picker_file_paths" />
77-->[:image_picker] AndroidManifest.xml:18:17-72
78        </provider>
79
80        <receiver android:name="com.dexterous.flutterlocalnotifications.ScheduledNotificationReceiver" />
80-->[:flutter_local_notifications] AndroidManifest.xml:12:9-106
80-->[:flutter_local_notifications] AndroidManifest.xml:12:19-103
81        <receiver android:name="com.dexterous.flutterlocalnotifications.ScheduledNotificationBootReceiver" >
81-->[:flutter_local_notifications] AndroidManifest.xml:13:9-20:20
81-->[:flutter_local_notifications] AndroidManifest.xml:13:19-107
82            <intent-filter>
82-->[:flutter_local_notifications] AndroidManifest.xml:14:13-19:29
83                <action android:name="android.intent.action.BOOT_COMPLETED" />
83-->[:flutter_local_notifications] AndroidManifest.xml:15:17-79
83-->[:flutter_local_notifications] AndroidManifest.xml:15:25-76
84                <action android:name="android.intent.action.MY_PACKAGE_REPLACED" />
84-->[:flutter_local_notifications] AndroidManifest.xml:16:17-84
84-->[:flutter_local_notifications] AndroidManifest.xml:16:25-81
85                <action android:name="android.intent.action.QUICKBOOT_POWERON" />
85-->[:flutter_local_notifications] AndroidManifest.xml:17:17-82
85-->[:flutter_local_notifications] AndroidManifest.xml:17:25-79
86                <action android:name="com.htc.intent.action.QUICKBOOT_POWERON" />
86-->[:flutter_local_notifications] AndroidManifest.xml:18:17-82
86-->[:flutter_local_notifications] AndroidManifest.xml:18:25-79
87            </intent-filter>
88        </receiver>
89
90        <provider
90-->[:share] AndroidManifest.xml:8:9-16:20
91            android:name="io.flutter.plugins.share.ShareFileProvider"
91-->[:share] AndroidManifest.xml:9:13-70
92            android:authorities="com.futurainstech.fit_timesheets.flutter.share_provider"
92-->[:share] AndroidManifest.xml:10:13-74
93            android:exported="false"
93-->[:share] AndroidManifest.xml:11:13-37
94            android:grantUriPermissions="true" >
94-->[:share] AndroidManifest.xml:12:13-47
95            <meta-data
95-->[:image_picker] AndroidManifest.xml:16:13-18:75
96                android:name="android.support.FILE_PROVIDER_PATHS"
96-->[:image_picker] AndroidManifest.xml:17:17-67
97                android:resource="@xml/flutter_share_file_paths" />
97-->[:image_picker] AndroidManifest.xml:18:17-72
98        </provider>
99        <provider
99-->[:open_file] AndroidManifest.xml:12:9-21:20
100            android:name="com.crazecoder.openfile.FileProvider"
100-->[:open_file] AndroidManifest.xml:13:13-64
101            android:authorities="com.futurainstech.fit_timesheets.fileProvider.com.crazecoder.openfile"
101-->[:open_file] AndroidManifest.xml:14:13-88
102            android:exported="false"
102-->[:open_file] AndroidManifest.xml:15:13-37
103            android:grantUriPermissions="true" >
103-->[:open_file] AndroidManifest.xml:16:13-47
104            <meta-data
104-->[:image_picker] AndroidManifest.xml:16:13-18:75
105                android:name="android.support.FILE_PROVIDER_PATHS"
105-->[:image_picker] AndroidManifest.xml:17:17-67
106                android:resource="@xml/filepaths" />
106-->[:image_picker] AndroidManifest.xml:18:17-72
107        </provider>
108
109        <activity
109-->[com.google.android.gms:play-services-base:17.2.1] AndroidManifest.xml:23:9-26:75
110            android:name="com.google.android.gms.common.api.GoogleApiActivity"
110-->[com.google.android.gms:play-services-base:17.2.1] AndroidManifest.xml:24:13-79
111            android:exported="false"
111-->[com.google.android.gms:play-services-base:17.2.1] AndroidManifest.xml:25:13-37
112            android:theme="@android:style/Theme.Translucent.NoTitleBar" />
112-->[com.google.android.gms:play-services-base:17.2.1] AndroidManifest.xml:26:13-72
113
114        <meta-data
114-->[com.google.android.gms:play-services-basement:17.2.1] AndroidManifest.xml:23:9-25:69
115            android:name="com.google.android.gms.version"
115-->[com.google.android.gms:play-services-basement:17.2.1] AndroidManifest.xml:24:13-58
116            android:value="@integer/google_play_services_version" />
116-->[com.google.android.gms:play-services-basement:17.2.1] AndroidManifest.xml:25:13-66
117    </application>
118
119</manifest>